2022-10-22 12:43:06
++++++++++++++++++++++++++++++++++++++++CONFIGURATION SUMMARY++++++++++++++++++++++++++++++++++++++++
 Status:
     mode                 : train
 ++++++++++++++++++++++++++++++++++++++++
 Datasets:
     datasets         fold: data/cmd_datasets
     train            file: train.csv
     validation       file: None
     vocab             dir: data/cmd_datasets/vocabs
     delimiter            : b
     use  pretrained model: True
     pretrained      model: Bert
     finetune             : False
     use    middle   model: True
     middle          model: bilstm
     checkpoints       dir: checkpoints_cmd/bert-bilstm-crf
     log               dir: data/cmd_datasets/logs
 ++++++++++++++++++++++++++++++++++++++++
Labeling Scheme:
     label          scheme: BIO
     label           level: 2
     suffixes             : ['sta', 'job', 'tra']
     measuring     metrics: ['precision', 'recall', 'f1', 'accuracy']
 ++++++++++++++++++++++++++++++++++++++++
Model Configuration:
     embedding         dim: 300
     max  sequence  length: 300
     hidden            dim: 200
     filter           nums: 64
     idcnn            nums: 2
     CUDA  VISIBLE  DEVICE: 0
     seed                 : 42
 ++++++++++++++++++++++++++++++++++++++++
 Training Settings:
     epoch                : 300
     batch            size: 32
     dropout              : 0.5
     learning         rate: 0.001
     optimizer            : Adam
     use               gan: False
     gan            method: fgm
     checkpoint       name: bert-bilstm-crf
     max       checkpoints: 4
     print       per_batch: 20
     is     early     stop: False
     patient              : 5
++++++++++++++++++++++++++++++++++++++++CONFIGURATION SUMMARY END++++++++++++++++++++++++++++++++++++++++
loading vocab...
dataManager initialed...
mode: train
loading data...
validating set is not exist, built...
training set size: 3152, validating set size: 351
++++++++++++++++++++training starting++++++++++++++++++++
epoch:1/300
training batch:    20, loss: 0.76929, precision: 0.942 recall: 0.985 f1: 0.963 accuracy: 0.994 
training batch:    40, loss: 1.56368, precision: 0.985 recall: 0.985 f1: 0.985 accuracy: 0.993 
training batch:    60, loss: 0.17274, precision: 1.000 recall: 1.000 f1: 1.000 accuracy: 1.000 
training batch:    80, loss: 0.42097, precision: 0.987 recall: 0.974 f1: 0.981 accuracy: 0.998 
start evaluate engines...
label: sta, precision: 0.982 recall: 0.985 f1: 0.983 
label: job, precision: 0.990 recall: 1.000 f1: 0.995 
label: tra, precision: 0.967 recall: 0.993 f1: 0.978 
time consumption:1.25(min), precision: 0.986 recall: 0.989 f1: 0.987 accuracy: 0.996 
saved the new best model with f1: 0.987
epoch:2/300
training batch:    20, loss: 0.19500, precision: 0.993 recall: 0.993 f1: 0.993 accuracy: 1.000 
training batch:    40, loss: 0.22372, precision: 1.000 recall: 1.000 f1: 1.000 accuracy: 1.000 
training batch:    60, loss: 0.33801, precision: 1.000 recall: 1.000 f1: 1.000 accuracy: 0.997 
training batch:    80, loss: 0.34609, precision: 0.977 recall: 0.992 f1: 0.984 accuracy: 0.999 
start evaluate engines...
label: sta, precision: 0.980 recall: 0.980 f1: 0.980 
label: job, precision: 0.990 recall: 0.987 f1: 0.988 
label: tra, precision: 0.967 recall: 0.995 f1: 0.979 
time consumption:1.13(min), precision: 0.985 recall: 0.986 f1: 0.986 accuracy: 0.996 
epoch:3/300
training batch:    20, loss: 0.14683, precision: 1.000 recall: 1.000 f1: 1.000 accuracy: 1.000 
training batch:    40, loss: 0.30090, precision: 0.986 recall: 0.986 f1: 0.986 accuracy: 0.999 
training batch:    60, loss: 0.19053, precision: 0.988 recall: 0.988 f1: 0.988 accuracy: 0.999 
training batch:    80, loss: 0.40812, precision: 0.989 recall: 0.978 f1: 0.984 accuracy: 0.996 
start evaluate engines...
label: sta, precision: 0.984 recall: 0.977 f1: 0.980 
label: job, precision: 0.990 recall: 1.000 f1: 0.995 
label: tra, precision: 0.967 recall: 0.995 f1: 0.979 
time consumption:1.12(min), precision: 0.987 recall: 0.985 f1: 0.986 accuracy: 0.996 
epoch:4/300
training batch:    20, loss: 0.56076, precision: 1.000 recall: 1.000 f1: 1.000 accuracy: 0.996 
training batch:    40, loss: 0.63026, precision: 1.000 recall: 1.000 f1: 1.000 accuracy: 0.998 
training batch:    60, loss: 0.17523, precision: 0.987 recall: 0.987 f1: 0.987 accuracy: 0.999 
training batch:    80, loss: 0.08592, precision: 1.000 recall: 1.000 f1: 1.000 accuracy: 1.000 
start evaluate engines...
label: sta, precision: 0.986 recall: 0.985 f1: 0.985 
label: job, precision: 0.990 recall: 1.000 f1: 0.995 
label: tra, precision: 0.967 recall: 0.995 f1: 0.979 
time consumption:1.13(min), precision: 0.988 recall: 0.990 f1: 0.989 accuracy: 0.997 
saved the new best model with f1: 0.989
epoch:5/300
training batch:    20, loss: 0.05200, precision: 1.000 recall: 1.000 f1: 1.000 accuracy: 1.000 
training batch:    40, loss: 0.12515, precision: 1.000 recall: 1.000 f1: 1.000 accuracy: 1.000 
training batch:    60, loss: 0.29103, precision: 1.000 recall: 1.000 f1: 1.000 accuracy: 0.998 
training batch:    80, loss: 0.09979, precision: 1.000 recall: 1.000 f1: 1.000 accuracy: 1.000 
start evaluate engines...
label: sta, precision: 0.984 recall: 0.985 f1: 0.984 
label: job, precision: 0.990 recall: 0.987 f1: 0.988 
label: tra, precision: 0.946 recall: 0.995 f1: 0.969 
time consumption:1.12(min), precision: 0.983 recall: 0.990 f1: 0.987 accuracy: 0.996 
epoch:6/300
training batch:    20, loss: 0.07146, precision: 1.000 recall: 1.000 f1: 1.000 accuracy: 1.000 
training batch:    40, loss: 0.19967, precision: 1.000 recall: 1.000 f1: 1.000 accuracy: 0.999 
training batch:    60, loss: 0.08843, precision: 1.000 recall: 1.000 f1: 1.000 accuracy: 1.000 
training batch:    80, loss: 1.27880, precision: 0.977 recall: 0.984 f1: 0.980 accuracy: 0.995 
start evaluate engines...
label: sta, precision: 0.978 recall: 0.981 f1: 0.979 
label: job, precision: 0.990 recall: 0.987 f1: 0.988 
label: tra, precision: 0.967 recall: 0.995 f1: 0.979 
time consumption:1.13(min), precision: 0.984 recall: 0.987 f1: 0.985 accuracy: 0.997 
epoch:7/300
training batch:    20, loss: 0.21131, precision: 0.993 recall: 0.993 f1: 0.993 accuracy: 0.999 
training batch:    40, loss: 0.14722, precision: 0.984 recall: 0.984 f1: 0.984 accuracy: 0.999 
training batch:    60, loss: 0.48547, precision: 0.988 recall: 1.000 f1: 0.994 accuracy: 0.997 
training batch:    80, loss: 0.05160, precision: 1.000 recall: 1.000 f1: 1.000 accuracy: 1.000 
start evaluate engines...
label: sta, precision: 0.983 recall: 0.988 f1: 0.986 
label: job, precision: 1.000 recall: 0.966 f1: 0.982 
label: tra, precision: 0.964 recall: 0.995 f1: 0.978 
time consumption:1.13(min), precision: 0.988 recall: 0.991 f1: 0.990 accuracy: 0.997 
saved the new best model with f1: 0.990
epoch:8/300
training batch:    20, loss: 0.34576, precision: 0.982 recall: 1.000 f1: 0.991 accuracy: 0.997 
training batch:    40, loss: 0.14278, precision: 1.000 recall: 1.000 f1: 1.000 accuracy: 1.000 
training batch:    60, loss: 0.02786, precision: 1.000 recall: 1.000 f1: 1.000 accuracy: 1.000 
training batch:    80, loss: 0.49037, precision: 0.976 recall: 0.976 f1: 0.976 accuracy: 0.994 
start evaluate engines...
label: sta, precision: 0.986 recall: 0.986 f1: 0.986 
label: job, precision: 0.990 recall: 0.987 f1: 0.988 
label: tra, precision: 0.974 recall: 0.995 f1: 0.983 
time consumption:1.13(min), precision: 0.990 recall: 0.991 f1: 0.990 accuracy: 0.997 
saved the new best model with f1: 0.990
epoch:9/300
training batch:    20, loss: 0.12724, precision: 1.000 recall: 1.000 f1: 1.000 accuracy: 1.000 
training batch:    40, loss: 0.04601, precision: 1.000 recall: 1.000 f1: 1.000 accuracy: 1.000 
training batch:    60, loss: 0.11544, precision: 1.000 recall: 1.000 f1: 1.000 accuracy: 1.000 
training batch:    80, loss: 0.28814, precision: 0.990 recall: 1.000 f1: 0.995 accuracy: 0.998 
start evaluate engines...
label: sta, precision: 0.977 recall: 0.983 f1: 0.980 
label: job, precision: 1.000 recall: 0.974 f1: 0.986 
label: tra, precision: 0.956 recall: 0.995 f1: 0.974 
time consumption:1.14(min), precision: 0.981 recall: 0.988 f1: 0.984 accuracy: 0.996 
epoch:10/300
training batch:    20, loss: 0.10713, precision: 1.000 recall: 1.000 f1: 1.000 accuracy: 1.000 
training batch:    40, loss: 0.52035, precision: 0.974 recall: 0.991 f1: 0.983 accuracy: 0.997 
training batch:    60, loss: 0.24646, precision: 0.985 recall: 0.992 f1: 0.989 accuracy: 0.998 
training batch:    80, loss: 0.05068, precision: 1.000 recall: 1.000 f1: 1.000 accuracy: 1.000 
start evaluate engines...
label: sta, precision: 0.979 recall: 0.981 f1: 0.980 
label: job, precision: 0.990 recall: 0.987 f1: 0.988 
label: tra, precision: 0.974 recall: 0.988 f1: 0.979 
time consumption:1.14(min), precision: 0.986 recall: 0.986 f1: 0.986 accuracy: 0.996 
epoch:11/300
training batch:    20, loss: 0.14308, precision: 1.000 recall: 1.000 f1: 1.000 accuracy: 1.000 
training batch:    40, loss: 0.39579, precision: 1.000 recall: 1.000 f1: 1.000 accuracy: 0.998 
training batch:    60, loss: 0.06505, precision: 1.000 recall: 1.000 f1: 1.000 accuracy: 1.000 
training batch:    80, loss: 0.32355, precision: 1.000 recall: 0.990 f1: 0.995 accuracy: 0.998 
start evaluate engines...
label: sta, precision: 0.976 recall: 0.985 f1: 0.981 
label: job, precision: 1.000 recall: 0.966 f1: 0.982 
label: tra, precision: 0.962 recall: 0.995 f1: 0.977 
time consumption:1.12(min), precision: 0.982 recall: 0.989 f1: 0.985 accuracy: 0.996 
epoch:12/300
training batch:    20, loss: 0.04302, precision: 1.000 recall: 1.000 f1: 1.000 accuracy: 1.000 
training batch:    40, loss: 0.05521, precision: 1.000 recall: 1.000 f1: 1.000 accuracy: 1.000 
training batch:    60, loss: 0.03361, precision: 1.000 recall: 1.000 f1: 1.000 accuracy: 1.000 
training batch:    80, loss: 0.05548, precision: 1.000 recall: 1.000 f1: 1.000 accuracy: 1.000 
start evaluate engines...
label: sta, precision: 0.983 recall: 0.982 f1: 0.982 
label: job, precision: 0.990 recall: 0.987 f1: 0.988 
label: tra, precision: 0.971 recall: 0.998 f1: 0.983 
time consumption:1.13(min), precision: 0.987 recall: 0.989 f1: 0.988 accuracy: 0.997 
epoch:13/300
training batch:    20, loss: 0.48479, precision: 0.993 recall: 1.000 f1: 0.997 accuracy: 0.995 
training batch:    40, loss: 0.10739, precision: 1.000 recall: 1.000 f1: 1.000 accuracy: 1.000 
training batch:    60, loss: 0.17167, precision: 1.000 recall: 0.979 f1: 0.989 accuracy: 0.995 
training batch:    80, loss: 0.08428, precision: 1.000 recall: 1.000 f1: 1.000 accuracy: 1.000 
start evaluate engines...
label: sta, precision: 0.983 recall: 0.986 f1: 0.984 
label: job, precision: 0.990 recall: 0.974 f1: 0.981 
label: tra, precision: 0.969 recall: 0.995 f1: 0.981 
time consumption:1.13(min), precision: 0.987 recall: 0.991 f1: 0.989 accuracy: 0.997 
epoch:14/300
training batch:    20, loss: 0.42424, precision: 0.988 recall: 1.000 f1: 0.994 accuracy: 0.997 
training batch:    40, loss: 0.05867, precision: 1.000 recall: 1.000 f1: 1.000 accuracy: 1.000 
training batch:    60, loss: 0.06664, precision: 1.000 recall: 0.991 f1: 0.996 accuracy: 0.999 
training batch:    80, loss: 0.57061, precision: 0.988 recall: 0.988 f1: 0.988 accuracy: 0.999 
start evaluate engines...
label: sta, precision: 0.985 recall: 0.986 f1: 0.985 
label: job, precision: 0.990 recall: 0.987 f1: 0.988 
label: tra, precision: 0.987 recall: 0.981 f1: 0.984 
time consumption:1.14(min), precision: 0.988 recall: 0.989 f1: 0.988 accuracy: 0.997 
epoch:15/300
training batch:    20, loss: 0.26747, precision: 0.986 recall: 0.986 f1: 0.986 accuracy: 0.999 
training batch:    40, loss: 0.12113, precision: 1.000 recall: 1.000 f1: 1.000 accuracy: 1.000 
training batch:    60, loss: 0.30577, precision: 0.981 recall: 1.000 f1: 0.990 accuracy: 0.996 
training batch:    80, loss: 0.08564, precision: 0.993 recall: 0.993 f1: 0.993 accuracy: 1.000 
start evaluate engines...
label: sta, precision: 0.982 recall: 0.984 f1: 0.983 
label: job, precision: 0.990 recall: 0.974 f1: 0.981 
label: tra, precision: 0.971 recall: 0.990 f1: 0.979 
time consumption:1.13(min), precision: 0.987 recall: 0.989 f1: 0.988 accuracy: 0.997 
epoch:16/300
training batch:    20, loss: 0.71629, precision: 0.983 recall: 0.992 f1: 0.987 accuracy: 0.993 
training batch:    40, loss: 0.03505, precision: 1.000 recall: 1.000 f1: 1.000 accuracy: 1.000 
training batch:    60, loss: 0.06892, precision: 1.000 recall: 1.000 f1: 1.000 accuracy: 1.000 
training batch:    80, loss: 0.14762, precision: 0.991 recall: 1.000 f1: 0.996 accuracy: 0.998 
start evaluate engines...
label: sta, precision: 0.975 recall: 0.979 f1: 0.977 
label: job, precision: 0.990 recall: 0.951 f1: 0.968 
label: tra, precision: 0.960 recall: 0.984 f1: 0.971 
time consumption:1.13(min), precision: 0.983 recall: 0.984 f1: 0.984 accuracy: 0.995 
epoch:17/300
training batch:    20, loss: 0.04657, precision: 1.000 recall: 1.000 f1: 1.000 accuracy: 1.000 
training batch:    40, loss: 0.44241, precision: 0.990 recall: 1.000 f1: 0.995 accuracy: 0.998 
training batch:    60, loss: 0.05533, precision: 1.000 recall: 1.000 f1: 1.000 accuracy: 1.000 
training batch:    80, loss: 0.07209, precision: 1.000 recall: 1.000 f1: 1.000 accuracy: 1.000 
start evaluate engines...
label: sta, precision: 0.983 recall: 0.985 f1: 0.984 
label: job, precision: 0.990 recall: 0.974 f1: 0.981 
label: tra, precision: 0.971 recall: 0.990 f1: 0.979 
time consumption:1.12(min), precision: 0.988 recall: 0.990 f1: 0.989 accuracy: 0.997 
epoch:18/300
training batch:    20, loss: 0.05825, precision: 1.000 recall: 1.000 f1: 1.000 accuracy: 1.000 
training batch:    40, loss: 0.03616, precision: 1.000 recall: 1.000 f1: 1.000 accuracy: 1.000 
training batch:    60, loss: 0.27128, precision: 0.969 recall: 0.990 f1: 0.979 accuracy: 0.996 
training batch:    80, loss: 0.02735, precision: 1.000 recall: 1.000 f1: 1.000 accuracy: 1.000 
start evaluate engines...
label: sta, precision: 0.981 recall: 0.981 f1: 0.981 
label: job, precision: 0.990 recall: 0.987 f1: 0.988 
label: tra, precision: 0.971 recall: 0.998 f1: 0.983 
time consumption:1.12(min), precision: 0.986 recall: 0.988 f1: 0.987 accuracy: 0.997 
epoch:19/300
training batch:    20, loss: 0.07431, precision: 1.000 recall: 1.000 f1: 1.000 accuracy: 1.000 
training batch:    40, loss: 0.75559, precision: 0.972 recall: 1.000 f1: 0.986 accuracy: 0.995 
training batch:    60, loss: 0.01622, precision: 1.000 recall: 1.000 f1: 1.000 accuracy: 1.000 
training batch:    80, loss: 0.02671, precision: 1.000 recall: 1.000 f1: 1.000 accuracy: 1.000 
start evaluate engines...
label: sta, precision: 0.986 recall: 0.987 f1: 0.986 
label: job, precision: 0.990 recall: 0.974 f1: 0.981 
label: tra, precision: 0.969 recall: 0.995 f1: 0.981 
time consumption:1.13(min), precision: 0.989 recall: 0.991 f1: 0.990 accuracy: 0.998 
saved the new best model with f1: 0.990
epoch:20/300
training batch:    20, loss: 0.31977, precision: 0.977 recall: 1.000 f1: 0.988 accuracy: 0.997 
training batch:    40, loss: 0.20032, precision: 0.986 recall: 0.993 f1: 0.989 accuracy: 0.998 
training batch:    60, loss: 0.18957, precision: 0.990 recall: 0.980 f1: 0.985 accuracy: 0.998 
training batch:    80, loss: 0.09063, precision: 1.000 recall: 1.000 f1: 1.000 accuracy: 1.000 
start evaluate engines...
label: sta, precision: 0.983 recall: 0.987 f1: 0.985 
label: job, precision: 0.990 recall: 0.987 f1: 0.988 
label: tra, precision: 0.971 recall: 0.998 f1: 0.983 
time consumption:1.13(min), precision: 0.987 recall: 0.992 f1: 0.990 accuracy: 0.998 
epoch:21/300
training batch:    20, loss: 0.03959, precision: 1.000 recall: 1.000 f1: 1.000 accuracy: 1.000 
training batch:    40, loss: 0.35619, precision: 0.991 recall: 0.982 f1: 0.986 accuracy: 0.997 
training batch:    60, loss: 0.07682, precision: 1.000 recall: 1.000 f1: 1.000 accuracy: 1.000 
training batch:    80, loss: 0.02905, precision: 1.000 recall: 1.000 f1: 1.000 accuracy: 1.000 
start evaluate engines...
label: sta, precision: 0.982 recall: 0.982 f1: 0.982 
label: job, precision: 0.990 recall: 0.974 f1: 0.981 
label: tra, precision: 0.971 recall: 0.998 f1: 0.983 
time consumption:1.12(min), precision: 0.988 recall: 0.989 f1: 0.988 accuracy: 0.997 
epoch:22/300
training batch:    20, loss: 0.06295, precision: 0.990 recall: 0.990 f1: 0.990 accuracy: 1.000 
training batch:    40, loss: 0.24235, precision: 1.000 recall: 1.000 f1: 1.000 accuracy: 0.996 
training batch:    60, loss: 0.07396, precision: 1.000 recall: 1.000 f1: 1.000 accuracy: 1.000 
